Arguments: 
  C:\Program Files\nodejs\node.exe C:\Program Files (x86)\Yarn\bin\yarn.js add aws-sdk@2.1311.0

PATH: 
  C:\ffmpeg\bin;C:\Windows\system32;C:\Windows;C:\Windows\System32\Wbem;C:\Windows\System32\WindowsPowerShell\v1.0\;C:\Windows\System32\OpenSSH\;C:\Program Files (x86)\NVIDIA Corporation\PhysX\Common;C:\Program Files\NVIDIA Corporation\NVIDIA NvDLISR;C:\WINDOWS\system32;C:\WINDOWS;C:\WINDOWS\System32\Wbem;C:\WINDOWS\System32\WindowsPowerShell\v1.0\;C:\WINDOWS\System32\OpenSSH\;C:\Program Files\Git\cmd;C:\ProgramData\chocolatey\bin;C:\Program Files\Go\bin;C:\Users\ragha\AppData\Roaming\nvm;C:\Program Files\nodejs;C:\Program Files (x86)\Yarn\bin\;C:\Program Files\Docker\Docker\resources\bin;C:\Program Files\PuTTY\;C:\Users\ragha\.cargo\bin;C:\Users\ragha\AppData\Local\Microsoft\WindowsApps;C:\Users\ragha\AppData\Local\Programs\Microsoft VS Code\bin;C:\Users\ragha\AppData\Roaming\npm;C:\Users\ragha\go\bin;C:\Users\ragha\AppData\Local\Yarn\bin;C:\Program Files\PostgreSQL\16\bin;C:\Users\ragha\Downloads\ffmpeg\bin";c:\Users\ragha\AppData\Local\Programs\cursor\resources\app\bin;C:\Users\ragha\.local\share\solana\install\active_release\bin;C:\Users\ragha\.cargo\bin;C:\Users\ragha\AppData\Local\Microsoft\WindowsApps;C:\Users\ragha\AppData\Local\Programs\Microsoft VS Code\bin;C:\Users\ragha\AppData\Roaming\npm;C:\Users\ragha\go\bin;C:\Program Files\Go\bin;C:\Users\ragha\AppData\Roaming\nvm;C:\Program Files\nodejs;C:\Users\ragha\AppData\Local\Yarn\bin;C:\Program Files\PostgreSQL\16\bin;C:\Users\ragha\Downloads\ffmpeg\bin\;C:\Users\ragha\.bun\bin;C:\Users\ragha\Downloads\stripe;

Yarn version: 
  1.22.19

Node version: 
  20.11.1

Platform: 
  win32 x64

Trace: 
  Error: https://registry.yarnpkg.com/@thirdweb-dev/chains/-/chains-0.1.120.tgz: ESOCKETTIMEDOUT
      at ClientRequest.<anonymous> (C:\Program Files (x86)\Yarn\lib\cli.js:141517:19)
      at Object.onceWrapper (node:events:632:28)
      at ClientRequest.emit (node:events:518:28)
      at TLSSocket.emitRequestTimeout (node:_http_client:840:9)
      at Object.onceWrapper (node:events:632:28)
      at TLSSocket.emit (node:events:530:35)
      at Socket._onTimeout (node:net:589:8)
      at listOnTimeout (node:internal/timers:573:17)
      at process.processTimers (node:internal/timers:514:7)

npm manifest: 
  {
    "name": "backend",
    "version": "1.0.0",
    "description": "",
    "main": "index.js",
    "scripts": {
      "test": "echo \"Error: no test specified\" && exit 1",
      "start": "nodemon --max-old-space-size=8080 --trace-warnings index.js",
      "hardhat": "npx hardhat node"
    },
    "author": "",
    "license": "ISC",
    "dependencies": {
      "@getbrevo/brevo": "^1.0.1",
      "@nomicfoundation/hardhat-ethers": "^3.0.6",
      "@nomicfoundation/hardhat-ignition": "^0.15.4",
      "@nomicfoundation/hardhat-ignition-ethers": "^0.15.4",
      "@nomicfoundation/hardhat-verify": "^2.0.8",
      "@nomicfoundation/ignition-core": "^0.15.4",
      "@openzeppelin/contracts": "^5.0.2",
      "@thirdweb-dev/chains": "^0.1.58",
      "@thirdweb-dev/sdk": "^4.0.94",
      "@typechain/ethers-v6": "^0.5.1",
      "aws-sdk": "^2.1654.0",
      "axios": "^1.6.0",
      "bcrypt": "^5.1.1",
      "bcryptjs": "^2.4.3",
      "compression": "^1.7.4",
      "cors": "^2.8.5",
      "crypto": "^1.0.1",
      "dotenv": "^16.3.1",
      "express": "^4.18.2",
      "jsonwebtoken": "^9.0.2",
      "lodash": "^4.17.21",
      "mongoose": "^7.6.0",
      "node-console-colors": "^1.1.5",
      "nodemailer": "^6.9.6",
      "nodemon": "^3.0.1",
      "solc": "^0.8.24"
    },
    "devDependencies": {
      "@nomicfoundation/hardhat-chai-matchers": "^1.0.5",
      "@nomicfoundation/hardhat-network-helpers": "^1.0.7",
      "@nomicfoundation/hardhat-toolbox": "^5.0.0",
      "@nomiclabs/hardhat-ethers": "^2.2.3",
      "@nomiclabs/hardhat-etherscan": "^3.1.4",
      "@typechain/ethers-v5": "^10.1.0",
      "@typechain/hardhat": "^6.1.2",
      "@types/chai": "^4.2.0",
      "@types/mocha": "^9.1.0",
      "chai": "^4.3.7",
      "ethers": "^6.13.2",
      "hardhat": "^2.22.8",
      "hardhat-gas-reporter": "^1.0.8",
      "nodemailer-sendmail-transport": "^1.0.2",
      "solidity-coverage": "^0.8.2",
      "ts-node": "^10.9.2",
      "typechain": "^8.1.0",
      "typescript": "^5.4.5"
    }
  }

yarn manifest: 
  No manifest

Lockfile: 
  No lockfile
